<?xml version="1.0" encoding="UTF-8"?>
<!-- Generated by org.testng.reporters.JUnitReportReporter -->
<testsuite skipped="0" hostname="LAPTOP-QEH9CPRT" name="TestNG.Annotationeg" tests="3" failures="0" timestamp="04 Jun 2022 10:58:32 GMT" time="16.364" errors="0">
  <testcase name="testcase0" time="14.175" classname="TestNG.Annotationeg"/>
  <testcase name="testcase5" time="1.284" classname="TestNG.Annotationeg"/>
  <testcase name="testcase1" time="0.905" classname="TestNG.Annotationeg"/>
</testsuite> <!-- TestNG.Annotationeg -->
