<?xml version="1.0" encoding="UTF-8"?>
<!-- Generated by org.testng.reporters.JUnitReportReporter -->
<testsuite skipped="0" hostname="LAPTOP-QEH9CPRT" name="TestNG.Paralleleg" tests="3" failures="0" timestamp="12 Jun 2022 13:25:26 GMT" time="30.014" errors="0">
  <testcase name="test1" time="10.318" classname="TestNG.Paralleleg"/>
  <testcase name="test2" time="10.167" classname="TestNG.Paralleleg"/>
  <testcase name="test3" time="9.529" classname="TestNG.Paralleleg"/>
</testsuite> <!-- TestNG.Paralleleg -->
