<?xml version="1.0" encoding="UTF-8"?>
<!-- Generated by org.testng.reporters.JUnitReportReporter -->
<testsuite skipped="0" hostname="LAPTOP-QEH9CPRT" name="TestNG.Listestcaseeg" tests="1" failures="0" timestamp="12 Jun 2022 13:24:29 GMT" time="0.010" errors="0">
  <testcase name="test1" time="0.010" classname="TestNG.Listestcaseeg"/>
</testsuite> <!-- TestNG.Listestcaseeg -->
