<?xml version="1.0" encoding="UTF-8"?>
<!-- Generated by org.testng.reporters.JUnitReportReporter -->
<testsuite skipped="0" hostname="LAPTOP-QEH9CPRT" name="DatadrivenFW.Readingexcel" tests="3" failures="0" timestamp="10 Jul 2022 11:49:12 GMT" time="15.354" errors="0">
  <testcase name="login" time="8.729" classname="DatadrivenFW.Readingexcel"/>
  <testcase name="login" time="3.394" classname="DatadrivenFW.Readingexcel"/>
  <testcase name="login" time="3.231" classname="DatadrivenFW.Readingexcel"/>
</testsuite> <!-- DatadrivenFW.Readingexcel -->
